mode: atomic
github.com/autom8ter/dagger/v3/dagger.go:47.37,50.16 3 120
github.com/autom8ter/dagger/v3/dagger.go:50.16,51.13 1 0
github.com/autom8ter/dagger/v3/dagger.go:53.2,53.18 1 120
github.com/autom8ter/dagger/v3/dagger.go:53.18,55.3 1 0
github.com/autom8ter/dagger/v3/dagger.go:56.2,56.60 1 120
github.com/autom8ter/dagger/v3/dagger.go:86.36,88.2 1 406
github.com/autom8ter/dagger/v3/dagger.go:91.53,93.2 1 0
github.com/autom8ter/dagger/v3/dagger.go:96.34,98.2 1 0
github.com/autom8ter/dagger/v3/dagger.go:101.64,103.2 1 0
github.com/autom8ter/dagger/v3/dagger.go:106.41,108.2 1 0
github.com/autom8ter/dagger/v3/dagger.go:111.42,113.2 1 0
github.com/autom8ter/dagger/v3/dagger.go:116.92,118.2 1 0
github.com/autom8ter/dagger/v3/dagger.go:121.92,123.2 1 0
github.com/autom8ter/dagger/v3/dagger.go:127.86,130.62 3 2
github.com/autom8ter/dagger/v3/dagger.go:130.62,131.62 1 1
github.com/autom8ter/dagger/v3/dagger.go:131.62,133.4 1 0
github.com/autom8ter/dagger/v3/dagger.go:134.3,134.18 1 1
github.com/autom8ter/dagger/v3/dagger.go:140.84,143.60 3 2
github.com/autom8ter/dagger/v3/dagger.go:143.60,144.62 1 1
github.com/autom8ter/dagger/v3/dagger.go:144.62,146.4 1 0
github.com/autom8ter/dagger/v3/dagger.go:147.3,147.18 1 1
github.com/autom8ter/dagger/v3/dagger.go:155.126,156.21 1 507
github.com/autom8ter/dagger/v3/dagger.go:156.21,158.3 1 0
github.com/autom8ter/dagger/v3/dagger.go:159.2,170.31 7 507
github.com/autom8ter/dagger/v3/dagger.go:170.31,172.17 2 1
github.com/autom8ter/dagger/v3/dagger.go:172.17,174.4 1 0
github.com/autom8ter/dagger/v3/dagger.go:175.3,176.41 2 1
github.com/autom8ter/dagger/v3/dagger.go:176.41,178.4 1 0
github.com/autom8ter/dagger/v3/dagger.go:179.3,179.41 1 1
github.com/autom8ter/dagger/v3/dagger.go:179.41,181.4 1 0
github.com/autom8ter/dagger/v3/dagger.go:182.3,182.49 1 1
github.com/autom8ter/dagger/v3/dagger.go:182.49,184.4 1 0
github.com/autom8ter/dagger/v3/dagger.go:185.3,185.43 1 1
github.com/autom8ter/dagger/v3/dagger.go:185.43,188.4 2 0
github.com/autom8ter/dagger/v3/dagger.go:189.3,189.47 1 1
github.com/autom8ter/dagger/v3/dagger.go:189.47,192.4 2 0
github.com/autom8ter/dagger/v3/dagger.go:193.3,193.14 1 1
github.com/autom8ter/dagger/v3/dagger.go:195.2,195.15 1 507
github.com/autom8ter/dagger/v3/dagger.go:199.50,203.2 3 1
github.com/autom8ter/dagger/v3/dagger.go:205.50,207.9 2 2
github.com/autom8ter/dagger/v3/dagger.go:207.9,209.3 1 0
github.com/autom8ter/dagger/v3/dagger.go:210.2,213.22 4 2
github.com/autom8ter/dagger/v3/dagger.go:213.22,215.3 1 0
github.com/autom8ter/dagger/v3/dagger.go:219.39,220.60 1 1
github.com/autom8ter/dagger/v3/dagger.go:220.60,223.3 2 0
github.com/autom8ter/dagger/v3/dagger.go:224.2,224.62 1 1
github.com/autom8ter/dagger/v3/dagger.go:224.62,227.3 2 1
github.com/autom8ter/dagger/v3/dagger.go:228.2,229.31 2 1
github.com/autom8ter/dagger/v3/dagger.go:229.31,231.3 1 0
github.com/autom8ter/dagger/v3/dagger.go:232.2,232.12 1 1
github.com/autom8ter/dagger/v3/dagger.go:236.40,238.2 1 0
github.com/autom8ter/dagger/v3/dagger.go:241.68,246.2 4 0
github.com/autom8ter/dagger/v3/dagger.go:248.93,249.60 1 0
github.com/autom8ter/dagger/v3/dagger.go:249.60,250.28 1 0
github.com/autom8ter/dagger/v3/dagger.go:250.28,252.4 1 0
github.com/autom8ter/dagger/v3/dagger.go:253.3,254.21 2 0
github.com/autom8ter/dagger/v3/dagger.go:254.21,256.4 1 0
github.com/autom8ter/dagger/v3/dagger.go:257.3,258.14 2 0
github.com/autom8ter/dagger/v3/dagger.go:263.70,268.2 4 0
github.com/autom8ter/dagger/v3/dagger.go:270.95,271.62 1 0
github.com/autom8ter/dagger/v3/dagger.go:271.62,272.26 1 0
github.com/autom8ter/dagger/v3/dagger.go:272.26,274.4 1 0
github.com/autom8ter/dagger/v3/dagger.go:275.3,276.19 2 0
github.com/autom8ter/dagger/v3/dagger.go:276.19,278.4 1 0
github.com/autom8ter/dagger/v3/dagger.go:279.3,280.14 2 0
github.com/autom8ter/dagger/v3/dagger.go:285.40,287.2 1 0
github.com/autom8ter/dagger/v3/dagger.go:290.63,292.62 2 0
github.com/autom8ter/dagger/v3/dagger.go:292.62,293.22 1 0
github.com/autom8ter/dagger/v3/dagger.go:293.22,296.4 2 0
github.com/autom8ter/dagger/v3/dagger.go:297.3,297.14 1 0
github.com/autom8ter/dagger/v3/dagger.go:299.2,299.60 1 0
github.com/autom8ter/dagger/v3/dagger.go:299.60,300.24 1 0
github.com/autom8ter/dagger/v3/dagger.go:300.24,303.4 2 0
github.com/autom8ter/dagger/v3/dagger.go:304.3,304.14 1 0
github.com/autom8ter/dagger/v3/dagger.go:306.2,306.15 1 0
github.com/autom8ter/dagger/v3/dagger.go:327.33,328.29 1 1
github.com/autom8ter/dagger/v3/dagger.go:328.29,330.3 1 1
github.com/autom8ter/dagger/v3/dagger.go:334.53,337.27 3 13
github.com/autom8ter/dagger/v3/dagger.go:337.27,339.3 1 1
github.com/autom8ter/dagger/v3/dagger.go:340.2,346.23 2 13
github.com/autom8ter/dagger/v3/dagger.go:346.23,349.3 2 1
github.com/autom8ter/dagger/v3/dagger.go:350.2,350.15 1 13
github.com/autom8ter/dagger/v3/dagger.go:354.87,355.21 1 520
github.com/autom8ter/dagger/v3/dagger.go:355.21,357.3 1 0
github.com/autom8ter/dagger/v3/dagger.go:358.2,367.25 3 520
github.com/autom8ter/dagger/v3/dagger.go:367.25,369.17 2 2
github.com/autom8ter/dagger/v3/dagger.go:369.17,370.14 1 0
github.com/autom8ter/dagger/v3/dagger.go:372.3,373.41 2 2
github.com/autom8ter/dagger/v3/dagger.go:373.41,375.4 1 0
github.com/autom8ter/dagger/v3/dagger.go:376.3,376.41 1 2
github.com/autom8ter/dagger/v3/dagger.go:376.41,378.4 1 0
github.com/autom8ter/dagger/v3/dagger.go:380.3,380.14 1 2
github.com/autom8ter/dagger/v3/dagger.go:383.2,383.10 1 520
github.com/autom8ter/dagger/v3/dagger.go:387.42,390.2 2 0
github.com/autom8ter/dagger/v3/dagger.go:393.42,396.2 2 0
github.com/autom8ter/dagger/v3/dagger.go:399.59,402.2 2 1
github.com/autom8ter/dagger/v3/dagger.go:405.36,407.2 1 5
github.com/autom8ter/dagger/v3/dagger.go:410.45,412.57 2 0
github.com/autom8ter/dagger/v3/dagger.go:412.57,415.3 2 0
github.com/autom8ter/dagger/v3/dagger.go:416.2,416.14 1 0
github.com/autom8ter/dagger/v3/dagger.go:420.45,422.57 2 0
github.com/autom8ter/dagger/v3/dagger.go:422.57,425.3 2 0
github.com/autom8ter/dagger/v3/dagger.go:426.2,426.14 1 0
github.com/autom8ter/dagger/v3/dagger.go:430.59,433.2 2 3
github.com/autom8ter/dagger/v3/dagger.go:436.60,437.57 1 0
github.com/autom8ter/dagger/v3/dagger.go:437.57,439.3 1 0
github.com/autom8ter/dagger/v3/dagger.go:443.60,444.57 1 0
github.com/autom8ter/dagger/v3/dagger.go:444.57,446.3 1 0
github.com/autom8ter/dagger/v3/dagger.go:455.111,467.17 5 1
github.com/autom8ter/dagger/v3/dagger.go:467.17,469.3 1 0
github.com/autom8ter/dagger/v3/dagger.go:470.2,470.48 1 1
github.com/autom8ter/dagger/v3/dagger.go:470.48,471.34 1 101
github.com/autom8ter/dagger/v3/dagger.go:471.34,473.4 1 100
github.com/autom8ter/dagger/v3/dagger.go:474.3,474.14 1 1
github.com/autom8ter/dagger/v3/dagger.go:476.2,476.12 1 1
github.com/autom8ter/dagger/v3/dagger.go:482.107,487.23 5 1
github.com/autom8ter/dagger/v3/dagger.go:487.23,497.18 2 1
github.com/autom8ter/dagger/v3/dagger.go:497.18,499.4 1 0
github.com/autom8ter/dagger/v3/dagger.go:500.3,500.37 1 1
github.com/autom8ter/dagger/v3/dagger.go:500.37,502.4 1 0
github.com/autom8ter/dagger/v3/dagger.go:503.3,504.13 2 1
github.com/autom8ter/dagger/v3/dagger.go:506.2,506.23 1 1
github.com/autom8ter/dagger/v3/dagger.go:506.23,507.54 1 1
github.com/autom8ter/dagger/v3/dagger.go:507.54,508.35 1 101
github.com/autom8ter/dagger/v3/dagger.go:508.35,510.5 1 100
github.com/autom8ter/dagger/v3/dagger.go:511.4,511.15 1 1
github.com/autom8ter/dagger/v3/dagger.go:513.3,513.13 1 1
github.com/autom8ter/dagger/v3/dagger.go:515.2,515.36 1 1
github.com/autom8ter/dagger/v3/dagger.go:515.36,517.3 1 0
github.com/autom8ter/dagger/v3/dagger.go:518.2,518.12 1 1
github.com/autom8ter/dagger/v3/dagger.go:536.99,537.22 1 101
github.com/autom8ter/dagger/v3/dagger.go:537.22,539.3 1 0
github.com/autom8ter/dagger/v3/dagger.go:540.2,540.23 1 101
github.com/autom8ter/dagger/v3/dagger.go:540.23,542.3 1 0
github.com/autom8ter/dagger/v3/dagger.go:543.2,543.44 1 101
github.com/autom8ter/dagger/v3/dagger.go:543.44,549.20 3 101
github.com/autom8ter/dagger/v3/dagger.go:549.20,550.71 1 0
github.com/autom8ter/dagger/v3/dagger.go:550.71,560.5 2 0
github.com/autom8ter/dagger/v3/dagger.go:561.9,562.73 1 101
github.com/autom8ter/dagger/v3/dagger.go:562.73,572.5 2 100
github.com/autom8ter/dagger/v3/dagger.go:575.2,575.18 1 101
github.com/autom8ter/dagger/v3/dagger.go:588.95,589.22 1 101
github.com/autom8ter/dagger/v3/dagger.go:589.22,591.3 1 0
github.com/autom8ter/dagger/v3/dagger.go:592.2,592.23 1 101
github.com/autom8ter/dagger/v3/dagger.go:592.23,594.3 1 0
github.com/autom8ter/dagger/v3/dagger.go:595.2,595.44 1 101
github.com/autom8ter/dagger/v3/dagger.go:595.44,601.20 3 101
github.com/autom8ter/dagger/v3/dagger.go:601.20,602.30 1 0
github.com/autom8ter/dagger/v3/dagger.go:602.30,603.72 1 0
github.com/autom8ter/dagger/v3/dagger.go:603.72,614.6 2 0
github.com/autom8ter/dagger/v3/dagger.go:615.5,615.15 1 0
github.com/autom8ter/dagger/v3/dagger.go:617.9,618.30 1 101
github.com/autom8ter/dagger/v3/dagger.go:618.30,619.74 1 101
github.com/autom8ter/dagger/v3/dagger.go:619.74,630.6 2 100
github.com/autom8ter/dagger/v3/dagger.go:631.5,631.15 1 101
github.com/autom8ter/dagger/v3/dagger.go:635.2,635.18 1 101
github.com/autom8ter/dagger/v3/dagger.go:639.33,641.58 2 5
github.com/autom8ter/dagger/v3/dagger.go:641.58,642.31 1 505
github.com/autom8ter/dagger/v3/dagger.go:642.31,645.42 3 401
github.com/autom8ter/dagger/v3/dagger.go:645.42,648.5 2 0
github.com/autom8ter/dagger/v3/dagger.go:650.3,650.14 1 505
github.com/autom8ter/dagger/v3/dagger.go:652.2,652.18 1 5
github.com/autom8ter/dagger/v3/dagger.go:656.96,660.65 4 401
github.com/autom8ter/dagger/v3/dagger.go:660.65,661.35 1 500
github.com/autom8ter/dagger/v3/dagger.go:661.35,662.45 1 0
github.com/autom8ter/dagger/v3/dagger.go:662.45,665.5 2 0
github.com/autom8ter/dagger/v3/dagger.go:666.9,666.42 1 500
github.com/autom8ter/dagger/v3/dagger.go:666.42,669.4 2 0
github.com/autom8ter/dagger/v3/dagger.go:670.3,670.14 1 500
github.com/autom8ter/dagger/v3/dagger.go:672.2,672.15 1 401
github.com/autom8ter/dagger/v3/dagger.go:675.73,676.18 1 2
github.com/autom8ter/dagger/v3/dagger.go:676.18,678.3 1 0
github.com/autom8ter/dagger/v3/dagger.go:679.2,682.58 4 2
github.com/autom8ter/dagger/v3/dagger.go:682.58,685.3 2 202
github.com/autom8ter/dagger/v3/dagger.go:686.2,687.22 2 2
github.com/autom8ter/dagger/v3/dagger.go:687.22,690.3 2 202
github.com/autom8ter/dagger/v3/dagger.go:691.2,691.13 1 2
github.com/autom8ter/dagger/v3/dagger.go:691.13,692.56 1 1
github.com/autom8ter/dagger/v3/dagger.go:692.56,694.4 1 50
github.com/autom8ter/dagger/v3/dagger.go:696.2,696.20 1 2
github.com/autom8ter/dagger/v3/dagger.go:699.125,700.33 1 402
github.com/autom8ter/dagger/v3/dagger.go:700.33,702.3 1 200
github.com/autom8ter/dagger/v3/dagger.go:703.2,703.33 1 202
github.com/autom8ter/dagger/v3/dagger.go:703.33,704.21 1 0
github.com/autom8ter/dagger/v3/dagger.go:706.2,707.13 2 202
github.com/autom8ter/dagger/v3/dagger.go:707.13,708.64 1 202
github.com/autom8ter/dagger/v3/dagger.go:708.64,711.4 2 200
github.com/autom8ter/dagger/v3/dagger.go:712.8,713.66 1 0
github.com/autom8ter/dagger/v3/dagger.go:713.66,716.4 2 0
github.com/autom8ter/dagger/v3/dagger.go:718.2,720.18 3 202
github.com/autom8ter/dagger/v3/dagger.go:724.50,725.18 1 1
github.com/autom8ter/dagger/v3/dagger.go:725.18,727.3 1 0
github.com/autom8ter/dagger/v3/dagger.go:728.2,731.16 4 1
github.com/autom8ter/dagger/v3/dagger.go:731.16,733.3 1 0
github.com/autom8ter/dagger/v3/dagger.go:734.2,734.17 1 1
github.com/autom8ter/dagger/v3/dagger.go:738.38,743.2 1 1067
github.com/autom8ter/dagger/v3/dagger.go:752.32,756.2 3 717
github.com/autom8ter/dagger/v3/dagger.go:759.48,764.2 4 11616
github.com/autom8ter/dagger/v3/dagger.go:767.47,771.2 3 2141
github.com/autom8ter/dagger/v3/dagger.go:774.60,775.29 1 918
github.com/autom8ter/dagger/v3/dagger.go:775.29,777.15 2 11610
github.com/autom8ter/dagger/v3/dagger.go:777.15,779.4 1 2
github.com/autom8ter/dagger/v3/dagger.go:784.73,786.29 2 0
github.com/autom8ter/dagger/v3/dagger.go:786.29,788.14 2 0
github.com/autom8ter/dagger/v3/dagger.go:788.14,790.4 1 0
github.com/autom8ter/dagger/v3/dagger.go:792.2,792.17 1 0
github.com/autom8ter/dagger/v3/dagger.go:796.41,800.27 4 0
github.com/autom8ter/dagger/v3/dagger.go:800.27,802.3 1 0
github.com/autom8ter/dagger/v3/dagger.go:803.2,803.15 1 0
github.com/autom8ter/dagger/v3/dagger.go:807.41,811.2 3 107
github.com/autom8ter/dagger/v3/dagger.go:814.46,819.2 4 0
github.com/autom8ter/dagger/v3/dagger.go:822.30,826.2 3 0
github.com/autom8ter/dagger/v3/dagger.go:829.38,834.24 5 918
github.com/autom8ter/dagger/v3/dagger.go:834.24,837.3 2 11610
github.com/autom8ter/dagger/v3/dagger.go:838.2,838.13 1 918
github.com/autom8ter/dagger/v3/dagger.go:842.35,847.27 5 0
github.com/autom8ter/dagger/v3/dagger.go:847.27,850.3 2 0
github.com/autom8ter/dagger/v3/dagger.go:851.2,851.15 1 0
github.com/autom8ter/dagger/v3/dagger.go:867.50,872.2 1 1
github.com/autom8ter/dagger/v3/dagger.go:874.70,877.31 3 0
github.com/autom8ter/dagger/v3/dagger.go:877.31,878.43 1 0
github.com/autom8ter/dagger/v3/dagger.go:878.43,880.44 2 0
github.com/autom8ter/dagger/v3/dagger.go:880.44,882.5 1 0
github.com/autom8ter/dagger/v3/dagger.go:883.4,883.10 1 0
github.com/autom8ter/dagger/v3/dagger.go:889.38,893.2 3 2
github.com/autom8ter/dagger/v3/dagger.go:896.57,900.42 4 100
github.com/autom8ter/dagger/v3/dagger.go:900.42,902.3 1 5673
github.com/autom8ter/dagger/v3/dagger.go:906.44,909.23 3 100
github.com/autom8ter/dagger/v3/dagger.go:909.23,911.3 1 0
github.com/autom8ter/dagger/v3/dagger.go:912.2,914.25 3 100
github.com/autom8ter/dagger/v3/dagger.go:918.45,921.23 3 1
github.com/autom8ter/dagger/v3/dagger.go:921.23,923.3 1 0
github.com/autom8ter/dagger/v3/dagger.go:924.2,924.31 1 1
github.com/autom8ter/dagger/v3/dagger.go:935.59,938.2 2 2
github.com/autom8ter/dagger/v3/dagger.go:941.58,942.6 1 0
github.com/autom8ter/dagger/v3/dagger.go:942.6,943.10 1 0
github.com/autom8ter/dagger/v3/dagger.go:944.24,945.11 1 0
github.com/autom8ter/dagger/v3/dagger.go:945.11,947.5 1 0
github.com/autom8ter/dagger/v3/dagger.go:948.4,948.14 1 0
github.com/autom8ter/dagger/v3/dagger.go:948.14,950.5 1 0
github.com/autom8ter/dagger/v3/dagger.go:951.11,952.22 1 0
github.com/autom8ter/dagger/v3/dagger.go:952.22,954.5 1 0
github.com/autom8ter/dagger/v3/dagger.go:961.83,962.6 1 1
github.com/autom8ter/dagger/v3/dagger.go:962.6,963.10 1 102
github.com/autom8ter/dagger/v3/dagger.go:964.15,965.10 1 1
github.com/autom8ter/dagger/v3/dagger.go:966.24,967.11 1 101
github.com/autom8ter/dagger/v3/dagger.go:967.11,969.5 1 0
github.com/autom8ter/dagger/v3/dagger.go:970.4,970.14 1 101
github.com/autom8ter/dagger/v3/dagger.go:970.14,972.5 1 0
github.com/autom8ter/dagger/v3/dagger.go:978.35,979.24 1 0
github.com/autom8ter/dagger/v3/dagger.go:979.24,981.3 1 0
github.com/autom8ter/dagger/v3/dagger.go:985.39,987.2 1 201
github.com/autom8ter/dagger/v3/dagger.go:990.43,991.9 1 100
github.com/autom8ter/dagger/v3/dagger.go:992.23,993.15 1 100
github.com/autom8ter/dagger/v3/dagger.go:998.37,1000.2 1 2
github.com/autom8ter/dagger/v3/dagger.go:1009.34,1012.2 2 1
github.com/autom8ter/dagger/v3/dagger.go:1015.30,1019.2 3 100
github.com/autom8ter/dagger/v3/dagger.go:1022.36,1025.24 3 100
github.com/autom8ter/dagger/v3/dagger.go:1025.24,1027.3 1 0
github.com/autom8ter/dagger/v3/dagger.go:1027.8,1032.3 4 100
github.com/autom8ter/dagger/v3/dagger.go:1036.30,1040.2 3 2
github.com/autom8ter/dagger/v3/dagger.go:1043.37,1046.24 3 0
github.com/autom8ter/dagger/v3/dagger.go:1046.24,1048.3 1 0
github.com/autom8ter/dagger/v3/dagger.go:1049.2,1049.40 1 0
github.com/autom8ter/dagger/v3/dagger.go:1053.51,1054.6 1 0
github.com/autom8ter/dagger/v3/dagger.go:1054.6,1056.10 2 0
github.com/autom8ter/dagger/v3/dagger.go:1056.10,1058.4 1 0
github.com/autom8ter/dagger/v3/dagger.go:1059.3,1059.15 1 0
github.com/autom8ter/dagger/v3/dagger.go:1059.15,1061.4 1 0
github.com/autom8ter/dagger/v3/dagger.go:1067.76,1068.6 1 0
github.com/autom8ter/dagger/v3/dagger.go:1068.6,1069.10 1 0
github.com/autom8ter/dagger/v3/dagger.go:1070.15,1071.10 1 0
github.com/autom8ter/dagger/v3/dagger.go:1072.11,1074.11 2 0
github.com/autom8ter/dagger/v3/dagger.go:1074.11,1076.5 1 0
github.com/autom8ter/dagger/v3/dagger.go:1077.4,1077.16 1 0
github.com/autom8ter/dagger/v3/dagger.go:1077.16,1079.5 1 0
github.com/autom8ter/dagger/v3/dagger.go:1085.34,1088.2 2 4
github.com/autom8ter/dagger/v3/dagger.go:1098.76,1099.6 1 0
github.com/autom8ter/dagger/v3/dagger.go:1099.6,1100.10 1 0
github.com/autom8ter/dagger/v3/dagger.go:1101.15,1102.10 1 0
github.com/autom8ter/dagger/v3/dagger.go:1103.11,1105.11 2 0
github.com/autom8ter/dagger/v3/dagger.go:1105.11,1107.5 1 0
github.com/autom8ter/dagger/v3/dagger.go:1108.4,1108.16 1 0
github.com/autom8ter/dagger/v3/dagger.go:1108.16,1110.5 1 0
github.com/autom8ter/dagger/v3/dagger.go:1116.30,1120.2 3 403
github.com/autom8ter/dagger/v3/dagger.go:1123.36,1126.24 3 404
github.com/autom8ter/dagger/v3/dagger.go:1126.24,1128.3 1 1
github.com/autom8ter/dagger/v3/dagger.go:1128.8,1133.3 4 403
github.com/autom8ter/dagger/v3/dagger.go:1137.28,1141.2 3 0
github.com/autom8ter/dagger/v3/dagger.go:1144.51,1145.6 1 1
github.com/autom8ter/dagger/v3/dagger.go:1145.6,1147.10 2 102
github.com/autom8ter/dagger/v3/dagger.go:1147.10,1149.4 1 1
github.com/autom8ter/dagger/v3/dagger.go:1150.3,1150.13 1 101
github.com/autom8ter/dagger/v3/dagger.go:1150.13,1152.4 1 0
github.com/autom8ter/dagger/v3/dagger.go:1157.33,1161.2 3 0
github.com/autom8ter/dagger/v3/dagger.go:1164.59,1166.41 2 0
github.com/autom8ter/dagger/v3/dagger.go:1166.41,1168.3 1 0
github.com/autom8ter/dagger/v3/dagger.go:1169.2,1169.15 1 0
github.com/autom8ter/dagger/v3/dagger.go:1173.30,1177.2 3 206
github.com/autom8ter/dagger/v3/dagger.go:1180.37,1183.24 3 0
github.com/autom8ter/dagger/v3/dagger.go:1183.24,1185.3 1 0
github.com/autom8ter/dagger/v3/dagger.go:1185.8,1189.3 3 0
github.com/autom8ter/dagger/v3/dagger.go:1199.37,1202.2 2 809
github.com/autom8ter/dagger/v3/dagger.go:1205.29,1209.2 3 1508
github.com/autom8ter/dagger/v3/dagger.go:1212.32,1216.2 3 302
github.com/autom8ter/dagger/v3/dagger.go:1219.39,1224.2 4 1906
github.com/autom8ter/dagger/v3/dagger.go:1227.49,1230.26 3 0
github.com/autom8ter/dagger/v3/dagger.go:1230.26,1231.13 1 0
github.com/autom8ter/dagger/v3/dagger.go:1231.13,1233.4 1 0
github.com/autom8ter/dagger/v3/dagger.go:1238.28,1242.2 3 203
github.com/autom8ter/dagger/v3/dagger.go:1245.31,1249.29 4 0
github.com/autom8ter/dagger/v3/dagger.go:1249.29,1251.3 1 0
github.com/autom8ter/dagger/v3/dagger.go:1252.2,1252.15 1 0
github.com/autom8ter/dagger/v3/dagger.go:1256.57,1258.41 2 0
github.com/autom8ter/dagger/v3/dagger.go:1258.41,1260.3 1 0
github.com/autom8ter/dagger/v3/dagger.go:1261.2,1261.15 1 0
github.com/autom8ter/dagger/v3/dagger.go:1278.67,1284.2 1 1
github.com/autom8ter/dagger/v3/dagger.go:1287.60,1289.12 2 100
github.com/autom8ter/dagger/v3/dagger.go:1289.12,1291.73 2 100
github.com/autom8ter/dagger/v3/dagger.go:1291.73,1292.11 1 10000
github.com/autom8ter/dagger/v3/dagger.go:1293.28,1294.16 1 0
github.com/autom8ter/dagger/v3/dagger.go:1295.25,1296.16 1 10000
github.com/autom8ter/dagger/v3/dagger.go:1300.2,1300.8 1 100
github.com/autom8ter/dagger/v3/dagger.go:1305.65,1313.12 5 100
github.com/autom8ter/dagger/v3/dagger.go:1313.12,1318.3 4 100
github.com/autom8ter/dagger/v3/dagger.go:1319.2,1319.11 1 100
github.com/autom8ter/dagger/v3/dagger.go:1323.37,1325.2 1 2
github.com/autom8ter/dagger/v3/dagger.go:1328.35,1331.2 2 1
github.com/autom8ter/dagger/v3/dagger.go:1342.57,1348.12 3 1
github.com/autom8ter/dagger/v3/dagger.go:1348.12,1349.10 1 1
github.com/autom8ter/dagger/v3/dagger.go:1350.19,1352.37 2 1
github.com/autom8ter/dagger/v3/dagger.go:1352.37,1354.5 1 200
github.com/autom8ter/dagger/v3/dagger.go:1355.4,1355.17 1 1
github.com/autom8ter/dagger/v3/dagger.go:1358.2,1358.10 1 1
github.com/autom8ter/dagger/v3/dagger.go:1363.73,1369.2 5 200
github.com/autom8ter/dagger/v3/dagger.go:1372.33,1375.35 3 1
github.com/autom8ter/dagger/v3/dagger.go:1375.35,1377.3 1 200
github.com/autom8ter/dagger/v3/dagger.go:1378.2,1378.12 1 1
github.com/autom8ter/dagger/v3/dagger.go:1383.46,1384.37 1 0
github.com/autom8ter/dagger/v3/dagger.go:1384.37,1387.3 2 0
